[2016-09-19 23:02:59] (ERROR @ D:\OpenServer\domains\dom1.modx\www\core\model\modx\rest\modrestclient.class.php : 241) Could not connect to provider at: https://modstore.pro
[2016-09-19 23:03:07] (ERROR @ D:\OpenServer\domains\dom1.modx\www\core\model\modx\rest\modrestclient.class.php : 241) Could not connect to provider at: http://modstore.pro
[2016-09-19 23:37:31] (ERROR @ D:\OpenServer\domains\dom1.modx\www\core\model\modx\rest\modrestclient.class.php : 236) PHP warning: simplexml_load_string(): Entity: line 1: parser error : Start tag expected, '&lt;' not found
[2016-09-19 23:37:31] (ERROR @ D:\OpenServer\domains\dom1.modx\www\core\model\modx\rest\modrestclient.class.php : 236) PHP warning: simplexml_load_string(): {&quot;status&quot;:500,&quot;code&quot;:2,&quot;message&quot;:&quot;implode(): Invalid arguments passed&quot;}
[2016-09-19 23:37:31] (ERROR @ D:\OpenServer\domains\dom1.modx\www\core\model\modx\rest\modrestclient.class.php : 236) PHP warning: simplexml_load_string(): ^
[2016-09-19 23:37:31] (ERROR @ D:\OpenServer\domains\dom1.modx\www\core\model\modx\rest\modrestclient.class.php : 241) Could not connect to provider at: http://rest.modx.com/extras/
[2016-09-19 23:37:31] (ERROR in modTransportProvider::find @ D:\OpenServer\domains\dom1.modx\www\core\model\modx\transport\modtransportprovider.class.php : 271) MODX получил пустой ответ от поставщика. Пожалуйста, проверьте URL-адрес поставщика и убедитесь, что поставщик является корректным поставщиком.
[2016-09-19 23:42:06] (ERROR @ D:\OpenServer\domains\dom1.modx\www\core\model\modx\rest\modrestclient.class.php : 236) PHP warning: simplexml_load_string() [<a href='function.simplexml-load-string'>function.simplexml-load-string</a>]: Entity: line 1: parser error : Start tag expected, '&lt;' not found
[2016-09-19 23:42:06] (ERROR @ D:\OpenServer\domains\dom1.modx\www\core\model\modx\rest\modrestclient.class.php : 236) PHP warning: simplexml_load_string() [<a href='function.simplexml-load-string'>function.simplexml-load-string</a>]: {&quot;status&quot;:500,&quot;code&quot;:2,&quot;message&quot;:&quot;implode(): Invalid arguments passed&quot;}
[2016-09-19 23:42:06] (ERROR @ D:\OpenServer\domains\dom1.modx\www\core\model\modx\rest\modrestclient.class.php : 236) PHP warning: simplexml_load_string() [<a href='function.simplexml-load-string'>function.simplexml-load-string</a>]: ^
[2016-09-19 23:42:06] (ERROR @ D:\OpenServer\domains\dom1.modx\www\core\model\modx\rest\modrestclient.class.php : 241) Could not connect to provider at: http://rest.modx.com/extras/
[2016-09-19 23:42:06] (ERROR in modTransportProvider::find @ D:\OpenServer\domains\dom1.modx\www\core\model\modx\transport\modtransportprovider.class.php : 271) MODX получил пустой ответ от поставщика. Пожалуйста, проверьте URL-адрес поставщика и убедитесь, что поставщик является корректным поставщиком.
[2016-09-19 23:43:43] (ERROR @ D:\OpenServer\domains\dom1.modx\www\core\model\modx\rest\modrestclient.class.php : 236) PHP warning: simplexml_load_string() [<a href='function.simplexml-load-string'>function.simplexml-load-string</a>]: Entity: line 1: parser error : Start tag expected, '&lt;' not found
[2016-09-19 23:43:43] (ERROR @ D:\OpenServer\domains\dom1.modx\www\core\model\modx\rest\modrestclient.class.php : 236) PHP warning: simplexml_load_string() [<a href='function.simplexml-load-string'>function.simplexml-load-string</a>]: {&quot;status&quot;:500,&quot;code&quot;:2,&quot;message&quot;:&quot;implode(): Invalid arguments passed&quot;}
[2016-09-19 23:43:43] (ERROR @ D:\OpenServer\domains\dom1.modx\www\core\model\modx\rest\modrestclient.class.php : 236) PHP warning: simplexml_load_string() [<a href='function.simplexml-load-string'>function.simplexml-load-string</a>]: ^
[2016-09-19 23:43:43] (ERROR @ D:\OpenServer\domains\dom1.modx\www\core\model\modx\rest\modrestclient.class.php : 241) Could not connect to provider at: http://rest.modx.com/extras/
[2016-09-19 23:43:43] (ERROR in modTransportProvider::find @ D:\OpenServer\domains\dom1.modx\www\core\model\modx\transport\modtransportprovider.class.php : 271) MODX получил пустой ответ от поставщика. Пожалуйста, проверьте URL-адрес поставщика и убедитесь, что поставщик является корректным поставщиком.
[2016-09-19 23:44:12] (ERROR @ D:\OpenServer\domains\dom1.modx\www\core\model\modx\rest\modrestclient.class.php : 236) PHP warning: simplexml_load_string() [<a href='function.simplexml-load-string'>function.simplexml-load-string</a>]: Entity: line 1: parser error : Start tag expected, '&lt;' not found
[2016-09-19 23:44:12] (ERROR @ D:\OpenServer\domains\dom1.modx\www\core\model\modx\rest\modrestclient.class.php : 236) PHP warning: simplexml_load_string() [<a href='function.simplexml-load-string'>function.simplexml-load-string</a>]: {&quot;status&quot;:500,&quot;code&quot;:2,&quot;message&quot;:&quot;implode(): Invalid arguments passed&quot;}
[2016-09-19 23:44:12] (ERROR @ D:\OpenServer\domains\dom1.modx\www\core\model\modx\rest\modrestclient.class.php : 236) PHP warning: simplexml_load_string() [<a href='function.simplexml-load-string'>function.simplexml-load-string</a>]: ^
[2016-09-19 23:44:12] (ERROR @ D:\OpenServer\domains\dom1.modx\www\core\model\modx\rest\modrestclient.class.php : 241) Could not connect to provider at: http://rest.modx.com/extras/
[2016-09-19 23:44:12] (ERROR in modTransportProvider::find @ D:\OpenServer\domains\dom1.modx\www\core\model\modx\transport\modtransportprovider.class.php : 271) MODX получил пустой ответ от поставщика. Пожалуйста, проверьте URL-адрес поставщика и убедитесь, что поставщик является корректным поставщиком.
[2016-09-19 23:44:13] (ERROR @ D:\OpenServer\domains\dom1.modx\www\core\model\modx\rest\modrestclient.class.php : 236) PHP warning: simplexml_load_string() [<a href='function.simplexml-load-string'>function.simplexml-load-string</a>]: Entity: line 1: parser error : Start tag expected, '&lt;' not found
[2016-09-19 23:44:13] (ERROR @ D:\OpenServer\domains\dom1.modx\www\core\model\modx\rest\modrestclient.class.php : 236) PHP warning: simplexml_load_string() [<a href='function.simplexml-load-string'>function.simplexml-load-string</a>]: {&quot;status&quot;:500,&quot;code&quot;:2,&quot;message&quot;:&quot;implode(): Invalid arguments passed&quot;}
[2016-09-19 23:44:13] (ERROR @ D:\OpenServer\domains\dom1.modx\www\core\model\modx\rest\modrestclient.class.php : 236) PHP warning: simplexml_load_string() [<a href='function.simplexml-load-string'>function.simplexml-load-string</a>]: ^
[2016-09-19 23:44:13] (ERROR @ D:\OpenServer\domains\dom1.modx\www\core\model\modx\rest\modrestclient.class.php : 241) Could not connect to provider at: http://rest.modx.com/extras/
[2016-09-19 23:44:13] (ERROR in modTransportProvider::find @ D:\OpenServer\domains\dom1.modx\www\core\model\modx\transport\modtransportprovider.class.php : 271) MODX получил пустой ответ от поставщика. Пожалуйста, проверьте URL-адрес поставщика и убедитесь, что поставщик является корректным поставщиком.
[2016-09-19 23:44:14] (ERROR @ D:\OpenServer\domains\dom1.modx\www\core\model\modx\rest\modrestclient.class.php : 236) PHP warning: simplexml_load_string() [<a href='function.simplexml-load-string'>function.simplexml-load-string</a>]: Entity: line 1: parser error : Start tag expected, '&lt;' not found
[2016-09-19 23:44:14] (ERROR @ D:\OpenServer\domains\dom1.modx\www\core\model\modx\rest\modrestclient.class.php : 236) PHP warning: simplexml_load_string() [<a href='function.simplexml-load-string'>function.simplexml-load-string</a>]: {&quot;status&quot;:500,&quot;code&quot;:2,&quot;message&quot;:&quot;implode(): Invalid arguments passed&quot;}
[2016-09-19 23:44:14] (ERROR @ D:\OpenServer\domains\dom1.modx\www\core\model\modx\rest\modrestclient.class.php : 236) PHP warning: simplexml_load_string() [<a href='function.simplexml-load-string'>function.simplexml-load-string</a>]: ^
[2016-09-19 23:44:14] (ERROR @ D:\OpenServer\domains\dom1.modx\www\core\model\modx\rest\modrestclient.class.php : 241) Could not connect to provider at: http://rest.modx.com/extras/
[2016-09-19 23:44:14] (ERROR in modTransportProvider::find @ D:\OpenServer\domains\dom1.modx\www\core\model\modx\transport\modtransportprovider.class.php : 271) MODX получил пустой ответ от поставщика. Пожалуйста, проверьте URL-адрес поставщика и убедитесь, что поставщик является корректным поставщиком.
[2016-09-19 23:44:15] (ERROR @ D:\OpenServer\domains\dom1.modx\www\core\model\modx\rest\modrestclient.class.php : 236) PHP warning: simplexml_load_string() [<a href='function.simplexml-load-string'>function.simplexml-load-string</a>]: Entity: line 1: parser error : Start tag expected, '&lt;' not found
[2016-09-19 23:44:15] (ERROR @ D:\OpenServer\domains\dom1.modx\www\core\model\modx\rest\modrestclient.class.php : 236) PHP warning: simplexml_load_string() [<a href='function.simplexml-load-string'>function.simplexml-load-string</a>]: {&quot;status&quot;:500,&quot;code&quot;:2,&quot;message&quot;:&quot;implode(): Invalid arguments passed&quot;}
[2016-09-19 23:44:15] (ERROR @ D:\OpenServer\domains\dom1.modx\www\core\model\modx\rest\modrestclient.class.php : 236) PHP warning: simplexml_load_string() [<a href='function.simplexml-load-string'>function.simplexml-load-string</a>]: ^
[2016-09-19 23:44:15] (ERROR @ D:\OpenServer\domains\dom1.modx\www\core\model\modx\rest\modrestclient.class.php : 241) Could not connect to provider at: http://rest.modx.com/extras/
[2016-09-19 23:44:15] (ERROR in modTransportProvider::find @ D:\OpenServer\domains\dom1.modx\www\core\model\modx\transport\modtransportprovider.class.php : 271) MODX получил пустой ответ от поставщика. Пожалуйста, проверьте URL-адрес поставщика и убедитесь, что поставщик является корректным поставщиком.
[2016-09-19 23:45:04] (ERROR @ D:\OpenServer\domains\dom1.modx\www\core\model\modx\rest\modrestclient.class.php : 236) PHP warning: simplexml_load_string() [<a href='function.simplexml-load-string'>function.simplexml-load-string</a>]: Entity: line 1: parser error : Start tag expected, '&lt;' not found
[2016-09-19 23:45:04] (ERROR @ D:\OpenServer\domains\dom1.modx\www\core\model\modx\rest\modrestclient.class.php : 236) PHP warning: simplexml_load_string() [<a href='function.simplexml-load-string'>function.simplexml-load-string</a>]: {&quot;status&quot;:500,&quot;code&quot;:2,&quot;message&quot;:&quot;implode(): Invalid arguments passed&quot;}
[2016-09-19 23:45:04] (ERROR @ D:\OpenServer\domains\dom1.modx\www\core\model\modx\rest\modrestclient.class.php : 236) PHP warning: simplexml_load_string() [<a href='function.simplexml-load-string'>function.simplexml-load-string</a>]: ^
[2016-09-19 23:45:04] (ERROR @ D:\OpenServer\domains\dom1.modx\www\core\model\modx\rest\modrestclient.class.php : 241) Could not connect to provider at: http://rest.modx.com/extras/
[2016-09-19 23:45:04] (ERROR in modTransportProvider::find @ D:\OpenServer\domains\dom1.modx\www\core\model\modx\transport\modtransportprovider.class.php : 271) MODX получил пустой ответ от поставщика. Пожалуйста, проверьте URL-адрес поставщика и убедитесь, что поставщик является корректным поставщиком.
[2016-09-19 23:45:19] (ERROR @ D:\OpenServer\domains\dom1.modx\www\core\model\modx\rest\modrestclient.class.php : 236) PHP warning: simplexml_load_string() [<a href='function.simplexml-load-string'>function.simplexml-load-string</a>]: Entity: line 1: parser error : Start tag expected, '&lt;' not found
[2016-09-19 23:45:19] (ERROR @ D:\OpenServer\domains\dom1.modx\www\core\model\modx\rest\modrestclient.class.php : 236) PHP warning: simplexml_load_string() [<a href='function.simplexml-load-string'>function.simplexml-load-string</a>]: {&quot;status&quot;:500,&quot;code&quot;:2,&quot;message&quot;:&quot;implode(): Invalid arguments passed&quot;}
[2016-09-19 23:45:19] (ERROR @ D:\OpenServer\domains\dom1.modx\www\core\model\modx\rest\modrestclient.class.php : 236) PHP warning: simplexml_load_string() [<a href='function.simplexml-load-string'>function.simplexml-load-string</a>]: ^
[2016-09-19 23:45:19] (ERROR @ D:\OpenServer\domains\dom1.modx\www\core\model\modx\rest\modrestclient.class.php : 241) Could not connect to provider at: http://rest.modx.com/extras/
[2016-09-19 23:45:19] (ERROR in modTransportProvider::find @ D:\OpenServer\domains\dom1.modx\www\core\model\modx\transport\modtransportprovider.class.php : 271) MODX получил пустой ответ от поставщика. Пожалуйста, проверьте URL-адрес поставщика и убедитесь, что поставщик является корректным поставщиком.
[2016-09-19 23:48:38] (ERROR @ D:\OpenServer\domains\dom1.modx\www\core\model\modx\rest\modrestclient.class.php : 236) PHP warning: simplexml_load_string() [<a href='function.simplexml-load-string'>function.simplexml-load-string</a>]: Entity: line 1: parser error : Start tag expected, '&lt;' not found
[2016-09-19 23:48:38] (ERROR @ D:\OpenServer\domains\dom1.modx\www\core\model\modx\rest\modrestclient.class.php : 236) PHP warning: simplexml_load_string() [<a href='function.simplexml-load-string'>function.simplexml-load-string</a>]: {&quot;status&quot;:500,&quot;code&quot;:2,&quot;message&quot;:&quot;implode(): Invalid arguments passed&quot;}
[2016-09-19 23:48:38] (ERROR @ D:\OpenServer\domains\dom1.modx\www\core\model\modx\rest\modrestclient.class.php : 236) PHP warning: simplexml_load_string() [<a href='function.simplexml-load-string'>function.simplexml-load-string</a>]: ^
[2016-09-19 23:48:38] (ERROR @ D:\OpenServer\domains\dom1.modx\www\core\model\modx\rest\modrestclient.class.php : 241) Could not connect to provider at: http://rest.modx.com/extras/
[2016-09-19 23:48:38] (ERROR in modTransportProvider::find @ D:\OpenServer\domains\dom1.modx\www\core\model\modx\transport\modtransportprovider.class.php : 271) MODX получил пустой ответ от поставщика. Пожалуйста, проверьте URL-адрес поставщика и убедитесь, что поставщик является корректным поставщиком.
[2016-09-19 23:53:19] (ERROR @ D:\OpenServer\domains\dom1.modx\www\core\model\modx\rest\modrestclient.class.php : 236) PHP warning: simplexml_load_string() [<a href='function.simplexml-load-string'>function.simplexml-load-string</a>]: Entity: line 1: parser error : Start tag expected, '&lt;' not found
[2016-09-19 23:53:19] (ERROR @ D:\OpenServer\domains\dom1.modx\www\core\model\modx\rest\modrestclient.class.php : 236) PHP warning: simplexml_load_string() [<a href='function.simplexml-load-string'>function.simplexml-load-string</a>]: {&quot;status&quot;:500,&quot;code&quot;:2,&quot;message&quot;:&quot;implode(): Invalid arguments passed&quot;}
[2016-09-19 23:53:19] (ERROR @ D:\OpenServer\domains\dom1.modx\www\core\model\modx\rest\modrestclient.class.php : 236) PHP warning: simplexml_load_string() [<a href='function.simplexml-load-string'>function.simplexml-load-string</a>]: ^
[2016-09-19 23:53:19] (ERROR @ D:\OpenServer\domains\dom1.modx\www\core\model\modx\rest\modrestclient.class.php : 241) Could not connect to provider at: http://rest.modx.com/extras/
[2016-09-19 23:53:19] (ERROR in modTransportProvider::find @ D:\OpenServer\domains\dom1.modx\www\core\model\modx\transport\modtransportprovider.class.php : 271) MODX получил пустой ответ от поставщика. Пожалуйста, проверьте URL-адрес поставщика и убедитесь, что поставщик является корректным поставщиком.
[2016-09-19 23:53:26] (ERROR @ D:\OpenServer\domains\dom1.modx\www\core\model\modx\rest\modrestclient.class.php : 236) PHP warning: simplexml_load_string() [<a href='function.simplexml-load-string'>function.simplexml-load-string</a>]: Entity: line 1: parser error : Start tag expected, '&lt;' not found
[2016-09-19 23:53:26] (ERROR @ D:\OpenServer\domains\dom1.modx\www\core\model\modx\rest\modrestclient.class.php : 236) PHP warning: simplexml_load_string() [<a href='function.simplexml-load-string'>function.simplexml-load-string</a>]: {&quot;status&quot;:500,&quot;code&quot;:2,&quot;message&quot;:&quot;implode(): Invalid arguments passed&quot;}
[2016-09-19 23:53:26] (ERROR @ D:\OpenServer\domains\dom1.modx\www\core\model\modx\rest\modrestclient.class.php : 236) PHP warning: simplexml_load_string() [<a href='function.simplexml-load-string'>function.simplexml-load-string</a>]: ^
[2016-09-19 23:53:26] (ERROR @ D:\OpenServer\domains\dom1.modx\www\core\model\modx\rest\modrestclient.class.php : 241) Could not connect to provider at: http://rest.modx.com/extras/
[2016-09-19 23:53:26] (ERROR in modTransportProvider::find @ D:\OpenServer\domains\dom1.modx\www\core\model\modx\transport\modtransportprovider.class.php : 271) MODX получил пустой ответ от поставщика. Пожалуйста, проверьте URL-адрес поставщика и убедитесь, что поставщик является корректным поставщиком.
[2016-09-19 23:53:29] (ERROR @ D:\OpenServer\domains\dom1.modx\www\core\model\modx\rest\modrestclient.class.php : 236) PHP warning: simplexml_load_string() [<a href='function.simplexml-load-string'>function.simplexml-load-string</a>]: Entity: line 1: parser error : Start tag expected, '&lt;' not found
[2016-09-19 23:53:29] (ERROR @ D:\OpenServer\domains\dom1.modx\www\core\model\modx\rest\modrestclient.class.php : 236) PHP warning: simplexml_load_string() [<a href='function.simplexml-load-string'>function.simplexml-load-string</a>]: {&quot;status&quot;:500,&quot;code&quot;:2,&quot;message&quot;:&quot;implode(): Invalid arguments passed&quot;}
[2016-09-19 23:53:29] (ERROR @ D:\OpenServer\domains\dom1.modx\www\core\model\modx\rest\modrestclient.class.php : 236) PHP warning: simplexml_load_string() [<a href='function.simplexml-load-string'>function.simplexml-load-string</a>]: ^
[2016-09-19 23:53:29] (ERROR @ D:\OpenServer\domains\dom1.modx\www\core\model\modx\rest\modrestclient.class.php : 241) Could not connect to provider at: http://rest.modx.com/extras/
[2016-09-19 23:53:29] (ERROR in modTransportProvider::find @ D:\OpenServer\domains\dom1.modx\www\core\model\modx\transport\modtransportprovider.class.php : 271) MODX получил пустой ответ от поставщика. Пожалуйста, проверьте URL-адрес поставщика и убедитесь, что поставщик является корректным поставщиком.
[2016-09-19 23:53:31] (ERROR @ D:\OpenServer\domains\dom1.modx\www\core\model\modx\rest\modrestclient.class.php : 236) PHP warning: simplexml_load_string() [<a href='function.simplexml-load-string'>function.simplexml-load-string</a>]: Entity: line 1: parser error : Start tag expected, '&lt;' not found
[2016-09-19 23:53:31] (ERROR @ D:\OpenServer\domains\dom1.modx\www\core\model\modx\rest\modrestclient.class.php : 236) PHP warning: simplexml_load_string() [<a href='function.simplexml-load-string'>function.simplexml-load-string</a>]: {&quot;status&quot;:500,&quot;code&quot;:2,&quot;message&quot;:&quot;implode(): Invalid arguments passed&quot;}
[2016-09-19 23:53:31] (ERROR @ D:\OpenServer\domains\dom1.modx\www\core\model\modx\rest\modrestclient.class.php : 236) PHP warning: simplexml_load_string() [<a href='function.simplexml-load-string'>function.simplexml-load-string</a>]: ^
[2016-09-19 23:53:31] (ERROR @ D:\OpenServer\domains\dom1.modx\www\core\model\modx\rest\modrestclient.class.php : 241) Could not connect to provider at: http://rest.modx.com/extras/
[2016-09-19 23:53:31] (ERROR in modTransportProvider::find @ D:\OpenServer\domains\dom1.modx\www\core\model\modx\transport\modtransportprovider.class.php : 271) MODX получил пустой ответ от поставщика. Пожалуйста, проверьте URL-адрес поставщика и убедитесь, что поставщик является корректным поставщиком.
[2016-09-19 23:53:32] (ERROR @ D:\OpenServer\domains\dom1.modx\www\core\model\modx\rest\modrestclient.class.php : 236) PHP warning: simplexml_load_string() [<a href='function.simplexml-load-string'>function.simplexml-load-string</a>]: Entity: line 1: parser error : Start tag expected, '&lt;' not found
[2016-09-19 23:53:32] (ERROR @ D:\OpenServer\domains\dom1.modx\www\core\model\modx\rest\modrestclient.class.php : 236) PHP warning: simplexml_load_string() [<a href='function.simplexml-load-string'>function.simplexml-load-string</a>]: {&quot;status&quot;:500,&quot;code&quot;:2,&quot;message&quot;:&quot;implode(): Invalid arguments passed&quot;}
[2016-09-19 23:53:32] (ERROR @ D:\OpenServer\domains\dom1.modx\www\core\model\modx\rest\modrestclient.class.php : 236) PHP warning: simplexml_load_string() [<a href='function.simplexml-load-string'>function.simplexml-load-string</a>]: ^
[2016-09-19 23:53:32] (ERROR @ D:\OpenServer\domains\dom1.modx\www\core\model\modx\rest\modrestclient.class.php : 241) Could not connect to provider at: http://rest.modx.com/extras/
[2016-09-19 23:53:32] (ERROR in modTransportProvider::find @ D:\OpenServer\domains\dom1.modx\www\core\model\modx\transport\modtransportprovider.class.php : 271) MODX получил пустой ответ от поставщика. Пожалуйста, проверьте URL-адрес поставщика и убедитесь, что поставщик является корректным поставщиком.
[2016-09-19 23:53:33] (ERROR @ D:\OpenServer\domains\dom1.modx\www\core\model\modx\rest\modrestclient.class.php : 236) PHP warning: simplexml_load_string() [<a href='function.simplexml-load-string'>function.simplexml-load-string</a>]: Entity: line 1: parser error : Start tag expected, '&lt;' not found
[2016-09-19 23:53:33] (ERROR @ D:\OpenServer\domains\dom1.modx\www\core\model\modx\rest\modrestclient.class.php : 236) PHP warning: simplexml_load_string() [<a href='function.simplexml-load-string'>function.simplexml-load-string</a>]: {&quot;status&quot;:500,&quot;code&quot;:2,&quot;message&quot;:&quot;implode(): Invalid arguments passed&quot;}
[2016-09-19 23:53:33] (ERROR @ D:\OpenServer\domains\dom1.modx\www\core\model\modx\rest\modrestclient.class.php : 236) PHP warning: simplexml_load_string() [<a href='function.simplexml-load-string'>function.simplexml-load-string</a>]: ^
[2016-09-19 23:53:33] (ERROR @ D:\OpenServer\domains\dom1.modx\www\core\model\modx\rest\modrestclient.class.php : 241) Could not connect to provider at: http://rest.modx.com/extras/
[2016-09-19 23:53:33] (ERROR in modTransportProvider::find @ D:\OpenServer\domains\dom1.modx\www\core\model\modx\transport\modtransportprovider.class.php : 271) MODX получил пустой ответ от поставщика. Пожалуйста, проверьте URL-адрес поставщика и убедитесь, что поставщик является корректным поставщиком.
[2016-09-19 23:53:34] (ERROR @ D:\OpenServer\domains\dom1.modx\www\core\model\modx\rest\modrestclient.class.php : 236) PHP warning: simplexml_load_string() [<a href='function.simplexml-load-string'>function.simplexml-load-string</a>]: Entity: line 1: parser error : Start tag expected, '&lt;' not found
[2016-09-19 23:53:34] (ERROR @ D:\OpenServer\domains\dom1.modx\www\core\model\modx\rest\modrestclient.class.php : 236) PHP warning: simplexml_load_string() [<a href='function.simplexml-load-string'>function.simplexml-load-string</a>]: {&quot;status&quot;:500,&quot;code&quot;:2,&quot;message&quot;:&quot;implode(): Invalid arguments passed&quot;}
[2016-09-19 23:53:34] (ERROR @ D:\OpenServer\domains\dom1.modx\www\core\model\modx\rest\modrestclient.class.php : 236) PHP warning: simplexml_load_string() [<a href='function.simplexml-load-string'>function.simplexml-load-string</a>]: ^
[2016-09-19 23:53:34] (ERROR @ D:\OpenServer\domains\dom1.modx\www\core\model\modx\rest\modrestclient.class.php : 241) Could not connect to provider at: http://rest.modx.com/extras/
[2016-09-19 23:53:34] (ERROR in modTransportProvider::find @ D:\OpenServer\domains\dom1.modx\www\core\model\modx\transport\modtransportprovider.class.php : 271) MODX получил пустой ответ от поставщика. Пожалуйста, проверьте URL-адрес поставщика и убедитесь, что поставщик является корректным поставщиком.
[2016-09-19 23:53:35] (ERROR @ D:\OpenServer\domains\dom1.modx\www\core\model\modx\rest\modrestclient.class.php : 236) PHP warning: simplexml_load_string() [<a href='function.simplexml-load-string'>function.simplexml-load-string</a>]: Entity: line 1: parser error : Start tag expected, '&lt;' not found
[2016-09-19 23:53:35] (ERROR @ D:\OpenServer\domains\dom1.modx\www\core\model\modx\rest\modrestclient.class.php : 236) PHP warning: simplexml_load_string() [<a href='function.simplexml-load-string'>function.simplexml-load-string</a>]: {&quot;status&quot;:500,&quot;code&quot;:2,&quot;message&quot;:&quot;implode(): Invalid arguments passed&quot;}
[2016-09-19 23:53:35] (ERROR @ D:\OpenServer\domains\dom1.modx\www\core\model\modx\rest\modrestclient.class.php : 236) PHP warning: simplexml_load_string() [<a href='function.simplexml-load-string'>function.simplexml-load-string</a>]: ^
[2016-09-19 23:53:35] (ERROR @ D:\OpenServer\domains\dom1.modx\www\core\model\modx\rest\modrestclient.class.php : 241) Could not connect to provider at: http://rest.modx.com/extras/
[2016-09-19 23:53:35] (ERROR in modTransportProvider::find @ D:\OpenServer\domains\dom1.modx\www\core\model\modx\transport\modtransportprovider.class.php : 271) MODX получил пустой ответ от поставщика. Пожалуйста, проверьте URL-адрес поставщика и убедитесь, что поставщик является корректным поставщиком.
[2016-09-19 23:53:36] (ERROR @ D:\OpenServer\domains\dom1.modx\www\core\model\modx\rest\modrestclient.class.php : 236) PHP warning: simplexml_load_string() [<a href='function.simplexml-load-string'>function.simplexml-load-string</a>]: Entity: line 1: parser error : Start tag expected, '&lt;' not found
[2016-09-19 23:53:36] (ERROR @ D:\OpenServer\domains\dom1.modx\www\core\model\modx\rest\modrestclient.class.php : 236) PHP warning: simplexml_load_string() [<a href='function.simplexml-load-string'>function.simplexml-load-string</a>]: {&quot;status&quot;:500,&quot;code&quot;:2,&quot;message&quot;:&quot;implode(): Invalid arguments passed&quot;}
[2016-09-19 23:53:36] (ERROR @ D:\OpenServer\domains\dom1.modx\www\core\model\modx\rest\modrestclient.class.php : 236) PHP warning: simplexml_load_string() [<a href='function.simplexml-load-string'>function.simplexml-load-string</a>]: ^
[2016-09-19 23:53:36] (ERROR @ D:\OpenServer\domains\dom1.modx\www\core\model\modx\rest\modrestclient.class.php : 241) Could not connect to provider at: http://rest.modx.com/extras/
[2016-09-19 23:53:36] (ERROR in modTransportProvider::find @ D:\OpenServer\domains\dom1.modx\www\core\model\modx\transport\modtransportprovider.class.php : 271) MODX получил пустой ответ от поставщика. Пожалуйста, проверьте URL-адрес поставщика и убедитесь, что поставщик является корректным поставщиком.
[2016-09-19 23:53:39] (ERROR @ D:\OpenServer\domains\dom1.modx\www\core\model\modx\rest\modrestclient.class.php : 236) PHP warning: simplexml_load_string() [<a href='function.simplexml-load-string'>function.simplexml-load-string</a>]: Entity: line 1: parser error : Start tag expected, '&lt;' not found
[2016-09-19 23:53:39] (ERROR @ D:\OpenServer\domains\dom1.modx\www\core\model\modx\rest\modrestclient.class.php : 236) PHP warning: simplexml_load_string() [<a href='function.simplexml-load-string'>function.simplexml-load-string</a>]: {&quot;status&quot;:500,&quot;code&quot;:2,&quot;message&quot;:&quot;implode(): Invalid arguments passed&quot;}
[2016-09-19 23:53:39] (ERROR @ D:\OpenServer\domains\dom1.modx\www\core\model\modx\rest\modrestclient.class.php : 236) PHP warning: simplexml_load_string() [<a href='function.simplexml-load-string'>function.simplexml-load-string</a>]: ^
[2016-09-19 23:53:39] (ERROR @ D:\OpenServer\domains\dom1.modx\www\core\model\modx\rest\modrestclient.class.php : 241) Could not connect to provider at: http://rest.modx.com/extras/
[2016-09-19 23:53:39] (ERROR in modTransportProvider::find @ D:\OpenServer\domains\dom1.modx\www\core\model\modx\transport\modtransportprovider.class.php : 271) MODX получил пустой ответ от поставщика. Пожалуйста, проверьте URL-адрес поставщика и убедитесь, что поставщик является корректным поставщиком.
[2016-09-19 23:54:30] (ERROR @ D:\OpenServer\domains\dom1.modx\www\core\model\modx\rest\modrestclient.class.php : 236) PHP warning: simplexml_load_string() [<a href='function.simplexml-load-string'>function.simplexml-load-string</a>]: Entity: line 1: parser error : Start tag expected, '&lt;' not found
[2016-09-19 23:54:30] (ERROR @ D:\OpenServer\domains\dom1.modx\www\core\model\modx\rest\modrestclient.class.php : 236) PHP warning: simplexml_load_string() [<a href='function.simplexml-load-string'>function.simplexml-load-string</a>]: {&quot;status&quot;:500,&quot;code&quot;:2,&quot;message&quot;:&quot;implode(): Invalid arguments passed&quot;}
[2016-09-19 23:54:30] (ERROR @ D:\OpenServer\domains\dom1.modx\www\core\model\modx\rest\modrestclient.class.php : 236) PHP warning: simplexml_load_string() [<a href='function.simplexml-load-string'>function.simplexml-load-string</a>]: ^
[2016-09-19 23:54:30] (ERROR @ D:\OpenServer\domains\dom1.modx\www\core\model\modx\rest\modrestclient.class.php : 241) Could not connect to provider at: http://rest.modx.com/extras/
[2016-09-19 23:54:30] (ERROR in modTransportProvider::find @ D:\OpenServer\domains\dom1.modx\www\core\model\modx\transport\modtransportprovider.class.php : 271) MODX получил пустой ответ от поставщика. Пожалуйста, проверьте URL-адрес поставщика и убедитесь, что поставщик является корректным поставщиком.
[2016-09-19 23:55:03] (ERROR @ D:\OpenServer\domains\dom1.modx\www\core\model\modx\rest\modrestclient.class.php : 236) PHP warning: simplexml_load_string() [<a href='function.simplexml-load-string'>function.simplexml-load-string</a>]: Entity: line 1: parser error : Start tag expected, '&lt;' not found
[2016-09-19 23:55:03] (ERROR @ D:\OpenServer\domains\dom1.modx\www\core\model\modx\rest\modrestclient.class.php : 236) PHP warning: simplexml_load_string() [<a href='function.simplexml-load-string'>function.simplexml-load-string</a>]: {&quot;status&quot;:500,&quot;code&quot;:2,&quot;message&quot;:&quot;implode(): Invalid arguments passed&quot;}
[2016-09-19 23:55:03] (ERROR @ D:\OpenServer\domains\dom1.modx\www\core\model\modx\rest\modrestclient.class.php : 236) PHP warning: simplexml_load_string() [<a href='function.simplexml-load-string'>function.simplexml-load-string</a>]: ^
[2016-09-19 23:55:03] (ERROR @ D:\OpenServer\domains\dom1.modx\www\core\model\modx\rest\modrestclient.class.php : 241) Could not connect to provider at: http://rest.modx.com/extras/
[2016-09-19 23:55:03] (ERROR in modTransportProvider::find @ D:\OpenServer\domains\dom1.modx\www\core\model\modx\transport\modtransportprovider.class.php : 271) MODX получил пустой ответ от поставщика. Пожалуйста, проверьте URL-адрес поставщика и убедитесь, что поставщик является корректным поставщиком.
[2016-09-19 23:55:17] (ERROR @ D:\OpenServer\domains\dom1.modx\www\core\model\modx\rest\modrestclient.class.php : 236) PHP warning: simplexml_load_string() [<a href='function.simplexml-load-string'>function.simplexml-load-string</a>]: Entity: line 1: parser error : Start tag expected, '&lt;' not found
[2016-09-19 23:55:17] (ERROR @ D:\OpenServer\domains\dom1.modx\www\core\model\modx\rest\modrestclient.class.php : 236) PHP warning: simplexml_load_string() [<a href='function.simplexml-load-string'>function.simplexml-load-string</a>]: {&quot;status&quot;:500,&quot;code&quot;:2,&quot;message&quot;:&quot;implode(): Invalid arguments passed&quot;}
[2016-09-19 23:55:17] (ERROR @ D:\OpenServer\domains\dom1.modx\www\core\model\modx\rest\modrestclient.class.php : 236) PHP warning: simplexml_load_string() [<a href='function.simplexml-load-string'>function.simplexml-load-string</a>]: ^
[2016-09-19 23:55:17] (ERROR @ D:\OpenServer\domains\dom1.modx\www\core\model\modx\rest\modrestclient.class.php : 241) Could not connect to provider at: http://rest.modx.com/extras/
[2016-09-19 23:55:17] (ERROR in modTransportProvider::find @ D:\OpenServer\domains\dom1.modx\www\core\model\modx\transport\modtransportprovider.class.php : 271) MODX получил пустой ответ от поставщика. Пожалуйста, проверьте URL-адрес поставщика и убедитесь, что поставщик является корректным поставщиком.
[2016-09-19 23:55:25] (ERROR @ D:\OpenServer\domains\dom1.modx\www\core\model\modx\rest\modrestclient.class.php : 236) PHP warning: simplexml_load_string() [<a href='function.simplexml-load-string'>function.simplexml-load-string</a>]: Entity: line 1: parser error : Start tag expected, '&lt;' not found
[2016-09-19 23:55:25] (ERROR @ D:\OpenServer\domains\dom1.modx\www\core\model\modx\rest\modrestclient.class.php : 236) PHP warning: simplexml_load_string() [<a href='function.simplexml-load-string'>function.simplexml-load-string</a>]: {&quot;status&quot;:500,&quot;code&quot;:2,&quot;message&quot;:&quot;implode(): Invalid arguments passed&quot;}
[2016-09-19 23:55:25] (ERROR @ D:\OpenServer\domains\dom1.modx\www\core\model\modx\rest\modrestclient.class.php : 236) PHP warning: simplexml_load_string() [<a href='function.simplexml-load-string'>function.simplexml-load-string</a>]: ^
[2016-09-19 23:55:25] (ERROR @ D:\OpenServer\domains\dom1.modx\www\core\model\modx\rest\modrestclient.class.php : 241) Could not connect to provider at: http://rest.modx.com/extras/
[2016-09-19 23:55:25] (ERROR in modTransportProvider::find @ D:\OpenServer\domains\dom1.modx\www\core\model\modx\transport\modtransportprovider.class.php : 271) MODX получил пустой ответ от поставщика. Пожалуйста, проверьте URL-адрес поставщика и убедитесь, что поставщик является корректным поставщиком.
[2016-09-19 23:55:26] (ERROR @ D:\OpenServer\domains\dom1.modx\www\core\model\modx\rest\modrestclient.class.php : 236) PHP warning: simplexml_load_string() [<a href='function.simplexml-load-string'>function.simplexml-load-string</a>]: Entity: line 1: parser error : Start tag expected, '&lt;' not found
[2016-09-19 23:55:26] (ERROR @ D:\OpenServer\domains\dom1.modx\www\core\model\modx\rest\modrestclient.class.php : 236) PHP warning: simplexml_load_string() [<a href='function.simplexml-load-string'>function.simplexml-load-string</a>]: {&quot;status&quot;:500,&quot;code&quot;:2,&quot;message&quot;:&quot;implode(): Invalid arguments passed&quot;}
[2016-09-19 23:55:26] (ERROR @ D:\OpenServer\domains\dom1.modx\www\core\model\modx\rest\modrestclient.class.php : 236) PHP warning: simplexml_load_string() [<a href='function.simplexml-load-string'>function.simplexml-load-string</a>]: ^
[2016-09-19 23:55:26] (ERROR @ D:\OpenServer\domains\dom1.modx\www\core\model\modx\rest\modrestclient.class.php : 241) Could not connect to provider at: http://rest.modx.com/extras/
[2016-09-19 23:55:26] (ERROR in modTransportProvider::find @ D:\OpenServer\domains\dom1.modx\www\core\model\modx\transport\modtransportprovider.class.php : 271) MODX получил пустой ответ от поставщика. Пожалуйста, проверьте URL-адрес поставщика и убедитесь, что поставщик является корректным поставщиком.
[2016-09-19 23:55:28] (ERROR @ D:\OpenServer\domains\dom1.modx\www\core\model\modx\rest\modrestclient.class.php : 236) PHP warning: simplexml_load_string() [<a href='function.simplexml-load-string'>function.simplexml-load-string</a>]: Entity: line 1: parser error : Start tag expected, '&lt;' not found
[2016-09-19 23:55:28] (ERROR @ D:\OpenServer\domains\dom1.modx\www\core\model\modx\rest\modrestclient.class.php : 236) PHP warning: simplexml_load_string() [<a href='function.simplexml-load-string'>function.simplexml-load-string</a>]: {&quot;status&quot;:500,&quot;code&quot;:2,&quot;message&quot;:&quot;implode(): Invalid arguments passed&quot;}
[2016-09-19 23:55:28] (ERROR @ D:\OpenServer\domains\dom1.modx\www\core\model\modx\rest\modrestclient.class.php : 236) PHP warning: simplexml_load_string() [<a href='function.simplexml-load-string'>function.simplexml-load-string</a>]: ^
[2016-09-19 23:55:28] (ERROR @ D:\OpenServer\domains\dom1.modx\www\core\model\modx\rest\modrestclient.class.php : 241) Could not connect to provider at: http://rest.modx.com/extras/
[2016-09-19 23:55:28] (ERROR in modTransportProvider::find @ D:\OpenServer\domains\dom1.modx\www\core\model\modx\transport\modtransportprovider.class.php : 271) MODX получил пустой ответ от поставщика. Пожалуйста, проверьте URL-адрес поставщика и убедитесь, что поставщик является корректным поставщиком.
[2016-09-20 20:32:25] (ERROR @ D:\OpenServer\domains\dom1.modx\www\core\model\modx\modcachemanager.class.php : 344) Error caching lexicon topic lexicon/en/core/default
[2016-09-20 21:26:00] (ERROR @ D:\OpenServer\domains\dom1.modx\www\core\model\modx\modx.class.php : 1014) PHP warning: array_key_exists() expects parameter 2 to be array, null given
[2016-09-20 21:26:00] (ERROR @ D:\OpenServer\domains\dom1.modx\www\core\model\modx\modx.class.php : 1017) PHP warning: array_key_exists() expects parameter 2 to be array, null given
[2016-09-20 21:26:00] (ERROR @ D:\OpenServer\domains\dom1.modx\www\core\model\modx\modx.class.php : 1014) PHP warning: array_key_exists() expects parameter 2 to be array, null given
[2016-09-20 21:26:00] (ERROR @ D:\OpenServer\domains\dom1.modx\www\core\model\modx\modx.class.php : 1017) PHP warning: array_key_exists() expects parameter 2 to be array, null given
[2016-09-20 21:26:00] (ERROR @ D:\OpenServer\domains\dom1.modx\www\core\model\modx\modx.class.php : 1014) PHP warning: array_key_exists() expects parameter 2 to be array, null given
[2016-09-20 21:26:00] (ERROR @ D:\OpenServer\domains\dom1.modx\www\core\model\modx\modx.class.php : 1017) PHP warning: array_key_exists() expects parameter 2 to be array, null given
[2016-09-20 21:26:03] (ERROR @ D:\OpenServer\domains\dom1.modx\www\core\model\modx\modx.class.php : 1014) PHP warning: array_key_exists() expects parameter 2 to be array, null given
[2016-09-20 21:26:03] (ERROR @ D:\OpenServer\domains\dom1.modx\www\core\model\modx\modx.class.php : 1017) PHP warning: array_key_exists() expects parameter 2 to be array, null given
[2016-09-20 21:26:03] (ERROR @ D:\OpenServer\domains\dom1.modx\www\core\model\modx\modx.class.php : 1014) PHP warning: array_key_exists() expects parameter 2 to be array, null given
[2016-09-20 21:26:03] (ERROR @ D:\OpenServer\domains\dom1.modx\www\core\model\modx\modx.class.php : 1017) PHP warning: array_key_exists() expects parameter 2 to be array, null given
[2016-09-20 22:30:11] (ERROR @ D:\OpenServer\domains\dom1.modx\www\core\model\modx\modx.class.php : 991) `[[+id]]` is not a valid integer and may not be passed to makeUrl()
[2016-09-22 20:56:13] (ERROR @ D:\OpenServer\domains\dom1.modx\www\core\xpdo\xpdo.class.php : 643) Could not load class: pdoParser from pdoparser.
[2016-09-22 20:56:13] (ERROR @ D:\OpenServer\domains\dom1.modx\www\core\xpdo\xpdo.class.php : 1245) Problem getting service parser, instance of class pdoParser, from path D:/OpenServer/domains/dom1.modx/www/core/components/pdotools/model/pdotools/
